{"C:\\Users\\Ding\\Desktop\\CSC 519\\Homework\\HW2\\test.js":{"path":"C:\\Users\\Ding\\Desktop\\CSC 519\\Homework\\HW2\\test.js","s":{"1":1,"2":1,"3":1,"4":1,"5":1,"6":1,"7":1,"8":1,"9":1,"10":1,"11":1,"12":1,"13":0,"14":0,"15":0,"16":0,"17":0,"18":0,"19":0,"20":0,"21":0,"22":0,"23":0,"24":0,"25":0,"26":0,"27":0,"28":0,"29":0,"30":0,"31":0,"32":0,"33":0,"34":0,"35":0,"36":0,"37":0,"38":0,"39":0,"40":0,"41":0,"42":0,"43":0,"44":0,"45":0,"46":0,"47":0,"48":0,"49":0,"50":0,"51":0,"52":0,"53":0,"54":0,"55":0,"56":0,"57":0,"58":0,"59":0,"60":0,"61":0,"62":0,"63":0,"64":0,"65":0,"66":0,"67":0,"68":0,"69":0,"70":0,"71":0,"72":0,"73":0,"74":0,"75":0,"76":0,"77":0,"78":0,"79":0,"80":0,"81":0,"82":0,"83":0,"84":0,"85":0,"86":0,"87":0,"88":0,"89":0,"90":0,"91":0,"92":0,"93":0,"94":0,"95":0,"96":0,"97":0,"98":0,"99":0,"100":0,"101":0,"102":0,"103":0,"104":0,"105":0,"106":0,"107":0,"108":0,"109":0,"110":0,"111":0,"112":0,"113":0,"114":0,"115":0,"116":0,"117":0,"118":0,"119":0,"120":0,"121":0,"122":0,"123":0,"124":0,"125":0,"126":0,"127":0,"128":0,"129":0,"130":0,"131":0,"132":0,"133":0,"134":0},"b":{},"f":{},"fnMap":{},"statementMap":{"1":{"start":{"line":1,"column":0},"end":{"line":1,"column":37}},"2":{"start":{"line":2,"column":0},"end":{"line":2,"column":30}},"3":{"start":{"line":3,"column":0},"end":{"line":3,"column":26}},"4":{"start":{"line":4,"column":0},"end":{"line":4,"column":22}},"5":{"start":{"line":5,"column":0},"end":{"line":5,"column":25}},"6":{"start":{"line":6,"column":0},"end":{"line":6,"column":21}},"7":{"start":{"line":7,"column":0},"end":{"line":7,"column":28}},"8":{"start":{"line":8,"column":0},"end":{"line":8,"column":24}},"9":{"start":{"line":9,"column":0},"end":{"line":9,"column":27}},"10":{"start":{"line":10,"column":0},"end":{"line":10,"column":23}},"11":{"start":{"line":11,"column":0},"end":{"line":11,"column":32}},"12":{"start":{"line":12,"column":0},"end":{"line":12,"column":29}},"13":{"start":{"line":13,"column":0},"end":{"line":13,"column":32}},"14":{"start":{"line":14,"column":0},"end":{"line":14,"column":29}},"15":{"start":{"line":15,"column":0},"end":{"line":15,"column":31}},"16":{"start":{"line":16,"column":0},"end":{"line":16,"column":28}},"17":{"start":{"line":17,"column":0},"end":{"line":17,"column":31}},"18":{"start":{"line":18,"column":0},"end":{"line":18,"column":28}},"19":{"start":{"line":19,"column":0},"end":{"line":19,"column":32}},"20":{"start":{"line":20,"column":0},"end":{"line":20,"column":29}},"21":{"start":{"line":21,"column":0},"end":{"line":21,"column":32}},"22":{"start":{"line":22,"column":0},"end":{"line":22,"column":29}},"23":{"start":{"line":23,"column":0},"end":{"line":23,"column":31}},"24":{"start":{"line":24,"column":0},"end":{"line":24,"column":28}},"25":{"start":{"line":25,"column":0},"end":{"line":25,"column":31}},"26":{"start":{"line":26,"column":0},"end":{"line":26,"column":28}},"27":{"start":{"line":27,"column":0},"end":{"line":27,"column":68}},"28":{"start":{"line":28,"column":1},"end":{"line":28,"column":417}},"29":{"start":{"line":29,"column":0},"end":{"line":29,"column":15}},"30":{"start":{"line":30,"column":0},"end":{"line":30,"column":47}},"31":{"start":{"line":31,"column":1},"end":{"line":31,"column":417}},"32":{"start":{"line":32,"column":0},"end":{"line":32,"column":15}},"33":{"start":{"line":33,"column":0},"end":{"line":33,"column":29}},"34":{"start":{"line":34,"column":1},"end":{"line":34,"column":417}},"35":{"start":{"line":35,"column":0},"end":{"line":35,"column":15}},"36":{"start":{"line":36,"column":0},"end":{"line":36,"column":9}},"37":{"start":{"line":37,"column":1},"end":{"line":37,"column":417}},"38":{"start":{"line":38,"column":0},"end":{"line":38,"column":15}},"39":{"start":{"line":39,"column":0},"end":{"line":39,"column":32}},"40":{"start":{"line":40,"column":0},"end":{"line":40,"column":28}},"41":{"start":{"line":41,"column":0},"end":{"line":41,"column":31}},"42":{"start":{"line":42,"column":0},"end":{"line":42,"column":27}},"43":{"start":{"line":43,"column":0},"end":{"line":43,"column":36}},"44":{"start":{"line":44,"column":0},"end":{"line":44,"column":33}},"45":{"start":{"line":45,"column":0},"end":{"line":45,"column":36}},"46":{"start":{"line":46,"column":0},"end":{"line":46,"column":33}},"47":{"start":{"line":47,"column":0},"end":{"line":47,"column":35}},"48":{"start":{"line":48,"column":0},"end":{"line":48,"column":32}},"49":{"start":{"line":49,"column":0},"end":{"line":49,"column":35}},"50":{"start":{"line":50,"column":0},"end":{"line":50,"column":32}},"51":{"start":{"line":51,"column":0},"end":{"line":51,"column":36}},"52":{"start":{"line":52,"column":0},"end":{"line":52,"column":33}},"53":{"start":{"line":53,"column":0},"end":{"line":53,"column":36}},"54":{"start":{"line":54,"column":0},"end":{"line":54,"column":33}},"55":{"start":{"line":55,"column":0},"end":{"line":55,"column":35}},"56":{"start":{"line":56,"column":0},"end":{"line":56,"column":32}},"57":{"start":{"line":57,"column":0},"end":{"line":57,"column":35}},"58":{"start":{"line":58,"column":0},"end":{"line":58,"column":32}},"59":{"start":{"line":59,"column":0},"end":{"line":59,"column":57}},"60":{"start":{"line":60,"column":0},"end":{"line":60,"column":47}},"61":{"start":{"line":61,"column":0},"end":{"line":61,"column":49}},"62":{"start":{"line":62,"column":0},"end":{"line":62,"column":39}},"63":{"start":{"line":63,"column":0},"end":{"line":63,"column":22}},"64":{"start":{"line":64,"column":0},"end":{"line":64,"column":22}},"65":{"start":{"line":65,"column":0},"end":{"line":65,"column":29}},"66":{"start":{"line":66,"column":0},"end":{"line":66,"column":25}},"67":{"start":{"line":67,"column":0},"end":{"line":67,"column":28}},"68":{"start":{"line":68,"column":0},"end":{"line":68,"column":24}},"69":{"start":{"line":69,"column":0},"end":{"line":69,"column":33}},"70":{"start":{"line":70,"column":0},"end":{"line":70,"column":30}},"71":{"start":{"line":71,"column":0},"end":{"line":71,"column":33}},"72":{"start":{"line":72,"column":0},"end":{"line":72,"column":30}},"73":{"start":{"line":73,"column":0},"end":{"line":73,"column":32}},"74":{"start":{"line":74,"column":0},"end":{"line":74,"column":29}},"75":{"start":{"line":75,"column":0},"end":{"line":75,"column":32}},"76":{"start":{"line":76,"column":0},"end":{"line":76,"column":29}},"77":{"start":{"line":77,"column":0},"end":{"line":77,"column":33}},"78":{"start":{"line":78,"column":0},"end":{"line":78,"column":30}},"79":{"start":{"line":79,"column":0},"end":{"line":79,"column":33}},"80":{"start":{"line":80,"column":0},"end":{"line":80,"column":30}},"81":{"start":{"line":81,"column":0},"end":{"line":81,"column":32}},"82":{"start":{"line":82,"column":0},"end":{"line":82,"column":29}},"83":{"start":{"line":83,"column":0},"end":{"line":83,"column":32}},"84":{"start":{"line":84,"column":0},"end":{"line":84,"column":29}},"85":{"start":{"line":85,"column":0},"end":{"line":85,"column":54}},"86":{"start":{"line":86,"column":0},"end":{"line":86,"column":44}},"87":{"start":{"line":87,"column":0},"end":{"line":87,"column":46}},"88":{"start":{"line":88,"column":0},"end":{"line":88,"column":36}},"89":{"start":{"line":89,"column":0},"end":{"line":89,"column":19}},"90":{"start":{"line":90,"column":0},"end":{"line":90,"column":19}},"91":{"start":{"line":91,"column":0},"end":{"line":91,"column":25}},"92":{"start":{"line":92,"column":0},"end":{"line":92,"column":25}},"93":{"start":{"line":93,"column":0},"end":{"line":93,"column":25}},"94":{"start":{"line":94,"column":0},"end":{"line":94,"column":25}},"95":{"start":{"line":95,"column":0},"end":{"line":95,"column":25}},"96":{"start":{"line":96,"column":0},"end":{"line":96,"column":25}},"97":{"start":{"line":97,"column":0},"end":{"line":97,"column":25}},"98":{"start":{"line":98,"column":0},"end":{"line":98,"column":25}},"99":{"start":{"line":99,"column":0},"end":{"line":99,"column":38}},"100":{"start":{"line":100,"column":0},"end":{"line":100,"column":34}},"101":{"start":{"line":101,"column":0},"end":{"line":101,"column":37}},"102":{"start":{"line":102,"column":0},"end":{"line":102,"column":33}},"103":{"start":{"line":103,"column":0},"end":{"line":103,"column":42}},"104":{"start":{"line":104,"column":0},"end":{"line":104,"column":39}},"105":{"start":{"line":105,"column":0},"end":{"line":105,"column":42}},"106":{"start":{"line":106,"column":0},"end":{"line":106,"column":39}},"107":{"start":{"line":107,"column":0},"end":{"line":107,"column":41}},"108":{"start":{"line":108,"column":0},"end":{"line":108,"column":38}},"109":{"start":{"line":109,"column":0},"end":{"line":109,"column":41}},"110":{"start":{"line":110,"column":0},"end":{"line":110,"column":38}},"111":{"start":{"line":111,"column":0},"end":{"line":111,"column":42}},"112":{"start":{"line":112,"column":0},"end":{"line":112,"column":39}},"113":{"start":{"line":113,"column":0},"end":{"line":113,"column":42}},"114":{"start":{"line":114,"column":0},"end":{"line":114,"column":39}},"115":{"start":{"line":115,"column":0},"end":{"line":115,"column":41}},"116":{"start":{"line":116,"column":0},"end":{"line":116,"column":38}},"117":{"start":{"line":117,"column":0},"end":{"line":117,"column":41}},"118":{"start":{"line":118,"column":0},"end":{"line":118,"column":38}},"119":{"start":{"line":119,"column":0},"end":{"line":119,"column":63}},"120":{"start":{"line":120,"column":0},"end":{"line":120,"column":53}},"121":{"start":{"line":121,"column":0},"end":{"line":121,"column":55}},"122":{"start":{"line":122,"column":0},"end":{"line":122,"column":45}},"123":{"start":{"line":123,"column":0},"end":{"line":123,"column":28}},"124":{"start":{"line":124,"column":0},"end":{"line":124,"column":28}},"125":{"start":{"line":125,"column":0},"end":{"line":125,"column":34}},"126":{"start":{"line":126,"column":0},"end":{"line":126,"column":34}},"127":{"start":{"line":127,"column":0},"end":{"line":127,"column":34}},"128":{"start":{"line":128,"column":0},"end":{"line":128,"column":34}},"129":{"start":{"line":129,"column":0},"end":{"line":129,"column":34}},"130":{"start":{"line":130,"column":0},"end":{"line":130,"column":34}},"131":{"start":{"line":131,"column":0},"end":{"line":131,"column":34}},"132":{"start":{"line":132,"column":0},"end":{"line":132,"column":34}},"133":{"start":{"line":133,"column":0},"end":{"line":133,"column":28}},"134":{"start":{"line":134,"column":0},"end":{"line":134,"column":28}}},"branchMap":{}},"C:\\Users\\Ding\\Desktop\\CSC 519\\Homework\\HW2\\subject.js":{"path":"C:\\Users\\Ding\\Desktop\\CSC 519\\Homework\\HW2\\subject.js","s":{"1":1,"2":1,"3":4,"4":2,"5":4,"6":2,"7":4,"8":1,"9":6,"10":0,"11":6,"12":2,"13":1,"14":1,"15":0,"16":4,"17":4,"18":0,"19":1,"20":0,"21":0,"22":0,"23":0,"24":0,"25":0,"26":0,"27":0,"28":0,"29":0,"30":1,"31":0,"32":1,"33":0,"34":0,"35":0,"36":0,"37":0,"38":1,"39":0,"40":0,"41":0,"42":0,"43":0,"44":1,"45":1,"46":1,"47":1,"48":1,"49":1},"b":{"1":[2,2],"2":[2,2],"3":[0,6],"4":[6,0],"5":[2,4],"6":[1,1],"7":[0,0],"8":[4,0],"9":[0,0],"10":[0,0],"11":[0,0],"12":[0,0],"13":[0,0],"14":[0,0],"15":[0,0]},"f":{"1":4,"2":6,"3":0,"4":0,"5":0,"6":0},"fnMap":{"1":{"name":"inc","line":3,"loc":{"start":{"line":3,"column":0},"end":{"line":3,"column":18}}},"2":{"name":"weird","line":12,"loc":{"start":{"line":12,"column":0},"end":{"line":13,"column":0}}},"3":{"name":"fileTest","line":40,"loc":{"start":{"line":40,"column":0},"end":{"line":41,"column":0}}},"4":{"name":"normalize","line":64,"loc":{"start":{"line":64,"column":0},"end":{"line":64,"column":32}}},"5":{"name":"format","line":73,"loc":{"start":{"line":73,"column":0},"end":{"line":74,"column":0}}},"6":{"name":"blackListNumber","line":88,"loc":{"start":{"line":88,"column":0},"end":{"line":89,"column":0}}}},"statementMap":{"1":{"start":{"line":1,"column":0},"end":{"line":1,"column":23}},"2":{"start":{"line":3,"column":0},"end":{"line":10,"column":1}},"3":{"start":{"line":4,"column":3},"end":{"line":4,"column":26}},"4":{"start":{"line":4,"column":21},"end":{"line":4,"column":26}},"5":{"start":{"line":5,"column":3},"end":{"line":8,"column":4}},"6":{"start":{"line":7,"column":4},"end":{"line":7,"column":11}},"7":{"start":{"line":9,"column":3},"end":{"line":9,"column":18}},"8":{"start":{"line":12,"column":0},"end":{"line":37,"column":1}},"9":{"start":{"line":14,"column":4},"end":{"line":35,"column":5}},"10":{"start":{"line":16,"column":8},"end":{"line":16,"column":15}},"11":{"start":{"line":18,"column":9},"end":{"line":35,"column":5}},"12":{"start":{"line":20,"column":8},"end":{"line":27,"column":9}},"13":{"start":{"line":22,"column":12},"end":{"line":22,"column":21}},"14":{"start":{"line":24,"column":13},"end":{"line":27,"column":9}},"15":{"start":{"line":26,"column":12},"end":{"line":26,"column":21}},"16":{"start":{"line":31,"column":8},"end":{"line":34,"column":9}},"17":{"start":{"line":33,"column":12},"end":{"line":33,"column":29}},"18":{"start":{"line":36,"column":4},"end":{"line":36,"column":13}},"19":{"start":{"line":40,"column":0},"end":{"line":62,"column":1}},"20":{"start":{"line":42,"column":1},"end":{"line":45,"column":5}},"21":{"start":{"line":44,"column":8},"end":{"line":44,"column":21}},"22":{"start":{"line":47,"column":4},"end":{"line":47,"column":36}},"23":{"start":{"line":48,"column":4},"end":{"line":51,"column":5}},"24":{"start":{"line":50,"column":8},"end":{"line":50,"column":21}},"25":{"start":{"line":53,"column":3},"end":{"line":61,"column":2}},"26":{"start":{"line":55,"column":2},"end":{"line":55,"column":46}},"27":{"start":{"line":56,"column":2},"end":{"line":59,"column":3}},"28":{"start":{"line":58,"column":3},"end":{"line":58,"column":15}},"29":{"start":{"line":60,"column":2},"end":{"line":60,"column":15}},"30":{"start":{"line":64,"column":0},"end":{"line":71,"column":1}},"31":{"start":{"line":66,"column":4},"end":{"line":69,"column":6}},"32":{"start":{"line":73,"column":0},"end":{"line":86,"column":1}},"33":{"start":{"line":76,"column":4},"end":{"line":78,"column":5}},"34":{"start":{"line":77,"column":6},"end":{"line":77,"column":42}},"35":{"start":{"line":80,"column":4},"end":{"line":82,"column":5}},"36":{"start":{"line":81,"column":6},"end":{"line":81,"column":63}},"37":{"start":{"line":84,"column":4},"end":{"line":84,"column":24}},"38":{"start":{"line":88,"column":0},"end":{"line":97,"column":1}},"39":{"start":{"line":90,"column":1},"end":{"line":90,"column":49}},"40":{"start":{"line":91,"column":1},"end":{"line":91,"column":31}},"41":{"start":{"line":92,"column":1},"end":{"line":95,"column":2}},"42":{"start":{"line":94,"column":2},"end":{"line":94,"column":14}},"43":{"start":{"line":96,"column":1},"end":{"line":96,"column":14}},"44":{"start":{"line":99,"column":0},"end":{"line":99,"column":28}},"45":{"start":{"line":100,"column":0},"end":{"line":100,"column":30}},"46":{"start":{"line":101,"column":0},"end":{"line":101,"column":24}},"47":{"start":{"line":102,"column":0},"end":{"line":102,"column":18}},"48":{"start":{"line":103,"column":0},"end":{"line":103,"column":22}},"49":{"start":{"line":104,"column":0},"end":{"line":104,"column":42}}},"branchMap":{"1":{"line":4,"type":"if","locations":[{"start":{"line":4,"column":3},"end":{"line":4,"column":3}},{"start":{"line":4,"column":3},"end":{"line":4,"column":3}}]},"2":{"line":5,"type":"if","locations":[{"start":{"line":5,"column":3},"end":{"line":5,"column":3}},{"start":{"line":5,"column":3},"end":{"line":5,"column":3}}]},"3":{"line":14,"type":"if","locations":[{"start":{"line":14,"column":4},"end":{"line":14,"column":4}},{"start":{"line":14,"column":4},"end":{"line":14,"column":4}}]},"4":{"line":14,"type":"binary-expr","locations":[{"start":{"line":14,"column":8},"end":{"line":14,"column":13}},{"start":{"line":14,"column":17},"end":{"line":14,"column":22}}]},"5":{"line":18,"type":"if","locations":[{"start":{"line":18,"column":9},"end":{"line":18,"column":9}},{"start":{"line":18,"column":9},"end":{"line":18,"column":9}}]},"6":{"line":20,"type":"if","locations":[{"start":{"line":20,"column":8},"end":{"line":20,"column":8}},{"start":{"line":20,"column":8},"end":{"line":20,"column":8}}]},"7":{"line":24,"type":"if","locations":[{"start":{"line":24,"column":13},"end":{"line":24,"column":13}},{"start":{"line":24,"column":13},"end":{"line":24,"column":13}}]},"8":{"line":31,"type":"if","locations":[{"start":{"line":31,"column":8},"end":{"line":31,"column":8}},{"start":{"line":31,"column":8},"end":{"line":31,"column":8}}]},"9":{"line":42,"type":"if","locations":[{"start":{"line":42,"column":1},"end":{"line":42,"column":1}},{"start":{"line":42,"column":1},"end":{"line":42,"column":1}}]},"10":{"line":48,"type":"if","locations":[{"start":{"line":48,"column":4},"end":{"line":48,"column":4}},{"start":{"line":48,"column":4},"end":{"line":48,"column":4}}]},"11":{"line":53,"type":"if","locations":[{"start":{"line":53,"column":3},"end":{"line":53,"column":3}},{"start":{"line":53,"column":3},"end":{"line":53,"column":3}}]},"12":{"line":56,"type":"if","locations":[{"start":{"line":56,"column":2},"end":{"line":56,"column":2}},{"start":{"line":56,"column":2},"end":{"line":56,"column":2}}]},"13":{"line":76,"type":"if","locations":[{"start":{"line":76,"column":4},"end":{"line":76,"column":4}},{"start":{"line":76,"column":4},"end":{"line":76,"column":4}}]},"14":{"line":76,"type":"binary-expr","locations":[{"start":{"line":76,"column":8},"end":{"line":76,"column":16}},{"start":{"line":76,"column":20},"end":{"line":76,"column":38}}]},"15":{"line":92,"type":"if","locations":[{"start":{"line":92,"column":1},"end":{"line":92,"column":1}},{"start":{"line":92,"column":1},"end":{"line":92,"column":1}}]}}}}