TN:
SF:C:\Users\Ding\Desktop\CSC 519\Homework\HW2\test.js
FNF:0
FNH:0
DA:1,1
DA:2,1
DA:3,1
DA:4,1
DA:5,1
DA:6,1
DA:7,1
DA:8,1
DA:9,1
DA:10,1
DA:11,1
DA:12,1
DA:13,1
DA:14,1
DA:15,1
DA:16,1
DA:17,1
DA:18,1
DA:19,1
DA:20,1
DA:21,1
DA:22,1
DA:23,1
DA:24,1
DA:25,1
DA:26,1
DA:27,1
DA:28,1
DA:29,1
DA:30,1
DA:31,1
DA:32,1
DA:33,1
DA:34,1
DA:35,1
DA:36,1
DA:37,1
DA:38,1
DA:39,1
DA:40,1
DA:41,1
DA:42,1
DA:43,1
DA:44,1
DA:45,1
DA:46,1
DA:47,1
LF:47
LH:47
BRF:0
BRH:0
end_of_record
TN:
SF:C:\Users\Ding\Desktop\CSC 519\Homework\HW2\subject.js
FN:3,inc
FN:12,weird
FN:40,fileTest
FN:64,normalize
FN:73,format
FN:88,blackListNumber
FNF:6
FNH:6
FNDA:4,inc
FNDA:16,weird
FNDA:4,fileTest
FNDA:12,normalize
FNDA:10,format
FNDA:2,blackListNumber
DA:1,1
DA:3,1
DA:4,4
DA:5,4
DA:7,2
DA:9,4
DA:12,1
DA:14,16
DA:16,4
DA:18,12
DA:20,6
DA:22,3
DA:24,3
DA:26,0
DA:31,6
DA:33,3
DA:36,10
DA:40,1
DA:42,4
DA:44,2
DA:47,2
DA:48,2
DA:50,2
DA:53,0
DA:55,0
DA:56,0
DA:58,0
DA:60,0
DA:64,1
DA:66,12
DA:73,1
DA:76,10
DA:77,10
DA:80,10
DA:81,0
DA:84,10
DA:88,1
DA:90,2
DA:91,2
DA:92,2
DA:94,0
DA:96,2
DA:99,1
DA:100,1
DA:101,1
DA:102,1
DA:103,1
DA:104,1
LF:48
LH:40
BRDA:4,1,0,2
BRDA:4,1,1,2
BRDA:5,2,0,2
BRDA:5,2,1,2
BRDA:14,3,0,4
BRDA:14,3,1,12
BRDA:14,4,0,16
BRDA:14,4,1,8
BRDA:18,5,0,6
BRDA:18,5,1,6
BRDA:20,6,0,3
BRDA:20,6,1,3
BRDA:24,7,0,0
BRDA:24,7,1,3
BRDA:31,8,0,3
BRDA:31,8,1,3
BRDA:42,9,0,2
BRDA:42,9,1,2
BRDA:48,10,0,2
BRDA:48,10,1,0
BRDA:53,11,0,0
BRDA:53,11,1,0
BRDA:56,12,0,0
BRDA:56,12,1,0
BRDA:76,13,0,10
BRDA:76,13,1,0
BRDA:76,14,0,10
BRDA:76,14,1,0
BRDA:92,15,0,0
BRDA:92,15,1,2
BRF:30
BRH:21
end_of_record
TN:
SF:C:\Users\Ding\Desktop\CSC 519\Homework\HW2\mystery.js
FN:3,inc
FN:12,weird
FN:40,fileTest
FN:64,normalize
FN:73,format
FN:88,blackListNumber
FNF:6
FNH:0
FNDA:0,inc
FNDA:0,weird
FNDA:0,fileTest
FNDA:0,normalize
FNDA:0,format
FNDA:0,blackListNumber
DA:1,1
DA:3,1
DA:4,0
DA:5,0
DA:7,0
DA:9,0
DA:12,1
DA:14,0
DA:16,0
DA:18,0
DA:20,0
DA:22,0
DA:24,0
DA:26,0
DA:31,0
DA:33,0
DA:36,0
DA:40,1
DA:42,0
DA:44,0
DA:47,0
DA:48,0
DA:50,0
DA:53,0
DA:55,0
DA:56,0
DA:58,0
DA:60,0
DA:64,1
DA:66,0
DA:73,1
DA:76,0
DA:77,0
DA:80,0
DA:81,0
DA:84,0
DA:88,1
DA:90,0
DA:91,0
DA:92,0
DA:94,0
DA:96,0
DA:99,1
DA:100,1
DA:101,1
DA:102,1
DA:103,1
DA:104,1
LF:48
LH:13
BRDA:4,1,0,0
BRDA:4,1,1,0
BRDA:5,2,0,0
BRDA:5,2,1,0
BRDA:14,3,0,0
BRDA:14,3,1,0
BRDA:14,4,0,0
BRDA:14,4,1,0
BRDA:18,5,0,0
BRDA:18,5,1,0
BRDA:20,6,0,0
BRDA:20,6,1,0
BRDA:24,7,0,0
BRDA:24,7,1,0
BRDA:31,8,0,0
BRDA:31,8,1,0
BRDA:42,9,0,0
BRDA:42,9,1,0
BRDA:48,10,0,0
BRDA:48,10,1,0
BRDA:53,11,0,0
BRDA:53,11,1,0
BRDA:56,12,0,0
BRDA:56,12,1,0
BRDA:76,13,0,0
BRDA:76,13,1,0
BRDA:76,14,0,0
BRDA:76,14,1,0
BRDA:92,15,0,0
BRDA:92,15,1,0
BRF:30
BRH:0
end_of_record
